{
  "stats": {
    "suites": 1,
    "tests": 2,
    "passes": 2,
    "pending": 0,
    "failures": 0,
    "start": "2021-01-03T08:49:53.686Z",
    "end": "2021-01-03T08:50:05.600Z",
    "duration": 11914,
    "testsRegistered": 2,
    "passPercent": 100,
    "pendingPercent": 0,
    "other": 0,
    "hasOther": false,
    "skipped": 0,
    "hasSkipped": false
  },
  "results": [
    {
      "uuid": "4116cac5-b7fd-41f1-adbf-4f0259f5a213",
      "title": "",
      "fullFile": "cypress\\integration\\examples\\conduitLogin.js",
      "file": "cypress\\integration\\examples\\conduitLogin.js",
      "beforeHooks": [],
      "afterHooks": [],
      "tests": [],
      "suites": [
        {
          "uuid": "4089f054-2745-4c61-9e16-b5a8b7f9339d",
          "title": "Testing conduit application",
          "fullFile": "",
          "file": "",
          "beforeHooks": [],
          "afterHooks": [],
          "tests": [
            {
              "title": "Login into conduit",
              "fullTitle": "Testing conduit application Login into conduit",
              "timedOut": null,
              "duration": 4088,
              "state": "passed",
              "speed": "slow",
              "pass": true,
              "fail": false,
              "pending": false,
              "context": null,
              "code": "//click on login link\ncy.contains(\"Sign in\").click();\ncy.get(\"input[placeholder='Email']\").type(\"yprasad@woolworths.com.au\");\ncy.get(\"input[placeholder='Password']\").type(\"String12\");\ncy.get(\"button[type='Submit']\").click();\ncy.get(\"a[href='#@Yankush']\").should(function ($loginName) {\n  var loginHeaderName = $loginName.text();\n  expect(loginHeaderName).to.include('Yankush');\n});",
              "err": {},
              "uuid": "f48c2559-8ea4-48a9-a653-3ba5aaa51004",
              "parentUUID": "4089f054-2745-4c61-9e16-b5a8b7f9339d",
              "isHook": false,
              "skipped": false
            },
            {
              "title": "Login into conduit using parameterization",
              "fullTitle": "Testing conduit application Login into conduit using parameterization",
              "timedOut": null,
              "duration": 5427,
              "state": "passed",
              "speed": "slow",
              "pass": true,
              "fail": false,
              "pending": false,
              "context": null,
              "code": "//click on login link\ncy.contains(\"Sign in\").click();\ncy.get(\"@user\").then(function (user) {\n  cy.get(\"input[placeholder='Email']\").type(user.userName);\n  cy.get(\"input[placeholder='Password']\").type(user.password);\n});\ncy.get(\"button[type='Submit']\").click();\ncy.get(\"a[href='#@Yankush']\").should(function ($loginName) {\n  var loginHeaderName = $loginName.text();\n  expect(loginHeaderName).to.include('Yankush');\n});",
              "err": {},
              "uuid": "93c157c8-2195-4ae2-8341-425ff2580696",
              "parentUUID": "4089f054-2745-4c61-9e16-b5a8b7f9339d",
              "isHook": false,
              "skipped": false
            }
          ],
          "suites": [],
          "passes": [
            "f48c2559-8ea4-48a9-a653-3ba5aaa51004",
            "93c157c8-2195-4ae2-8341-425ff2580696"
          ],
          "failures": [],
          "pending": [],
          "skipped": [],
          "duration": 9515,
          "root": false,
          "rootEmpty": false,
          "_timeout": 2000
        }
      ],
      "passes": [],
      "failures": [],
      "pending": [],
      "skipped": [],
      "duration": 0,
      "root": true,
      "rootEmpty": true,
      "_timeout": 2000
    }
  ],
  "meta": {
    "mocha": {
      "version": "7.0.1"
    },
    "mochawesome": {
      "options": {
        "quiet": true,
        "reportFilename": "mochawesome",
        "saveHtml": false,
        "saveJson": true,
        "consoleReporter": "spec",
        "useInlineDiffs": false,
        "code": true
      },
      "version": "6.2.1"
    },
    "marge": {
      "options": {
        "id": "default",
        "reporterDir": "cypress/reports/mocha",
        "quiet": true,
        "overwrite": false,
        "html": false,
        "json": true
      },
      "version": "5.1.0"
    }
  }
}