{
  "stats": {
    "suites": 1,
    "tests": 2,
    "passes": 2,
    "pending": 0,
    "failures": 0,
    "start": "2021-01-03T08:49:05.170Z",
    "end": "2021-01-03T08:49:35.851Z",
    "duration": 30681,
    "testsRegistered": 2,
    "passPercent": 100,
    "pendingPercent": 0,
    "other": 0,
    "hasOther": false,
    "skipped": 0,
    "hasSkipped": false
  },
  "results": [
    {
      "uuid": "cb653fd0-454a-4eed-b885-145f64cafe3e",
      "title": "",
      "fullFile": "cypress\\integration\\cucumber\\conduitLogin.feature",
      "file": "cypress\\integration\\cucumber\\conduitLogin.feature",
      "beforeHooks": [],
      "afterHooks": [],
      "tests": [],
      "suites": [
        {
          "uuid": "ba53b502-1bcc-47c8-9136-8beaaec7d294",
          "title": "Login",
          "fullFile": "",
          "file": "",
          "beforeHooks": [],
          "afterHooks": [],
          "tests": [
            {
              "title": "Sign in conduit application",
              "fullTitle": "Login Sign in conduit application",
              "timedOut": null,
              "duration": 15769,
              "state": "passed",
              "speed": "slow",
              "pass": true,
              "fail": false,
              "pending": false,
              "context": null,
              "code": "const state = window.testState;\nreturn cy\n  .then(() => state.onStartScenario(scenario, indexedSteps))\n  .then(() =>\n    resolveAndRunBeforeHooks.call(this, scenario.tags, state.feature.name)\n  )\n  .then(() =>\n    indexedSteps.forEach((step) =>\n      stepTest.call(this, state, step, rowData)\n    )\n  )\n  .then(() =>\n    resolveAndRunAfterHooks.call(this, scenario.tags, state.feature.name)\n  )\n  .then(() => state.onFinishScenario(scenario));",
              "err": {},
              "uuid": "179e64ea-38c2-48ca-aaf0-c6c3cc0a6683",
              "parentUUID": "ba53b502-1bcc-47c8-9136-8beaaec7d294",
              "isHook": false,
              "skipped": false
            },
            {
              "title": "Test login feature via page object",
              "fullTitle": "Login Test login feature via page object",
              "timedOut": null,
              "duration": 2598,
              "state": "passed",
              "speed": "slow",
              "pass": true,
              "fail": false,
              "pending": false,
              "context": null,
              "code": "const state = window.testState;\nreturn cy\n  .then(() => state.onStartScenario(scenario, indexedSteps))\n  .then(() =>\n    resolveAndRunBeforeHooks.call(this, scenario.tags, state.feature.name)\n  )\n  .then(() =>\n    indexedSteps.forEach((step) =>\n      stepTest.call(this, state, step, rowData)\n    )\n  )\n  .then(() =>\n    resolveAndRunAfterHooks.call(this, scenario.tags, state.feature.name)\n  )\n  .then(() => state.onFinishScenario(scenario));",
              "err": {},
              "uuid": "5bf2c904-5a6a-45eb-acb4-50cddf8f3c65",
              "parentUUID": "ba53b502-1bcc-47c8-9136-8beaaec7d294",
              "isHook": false,
              "skipped": false
            }
          ],
          "suites": [],
          "passes": [
            "179e64ea-38c2-48ca-aaf0-c6c3cc0a6683",
            "5bf2c904-5a6a-45eb-acb4-50cddf8f3c65"
          ],
          "failures": [],
          "pending": [],
          "skipped": [],
          "duration": 18367,
          "root": false,
          "rootEmpty": false,
          "_timeout": 2000
        }
      ],
      "passes": [],
      "failures": [],
      "pending": [],
      "skipped": [],
      "duration": 0,
      "root": true,
      "rootEmpty": true,
      "_timeout": 2000
    }
  ],
  "meta": {
    "mocha": {
      "version": "7.0.1"
    },
    "mochawesome": {
      "options": {
        "quiet": true,
        "reportFilename": "mochawesome",
        "saveHtml": false,
        "saveJson": true,
        "consoleReporter": "spec",
        "useInlineDiffs": false,
        "code": true
      },
      "version": "6.2.1"
    },
    "marge": {
      "options": {
        "id": "default",
        "reporterDir": "cypress/reports/mocha",
        "quiet": true,
        "overwrite": false,
        "html": false,
        "json": true
      },
      "version": "5.1.0"
    }
  }
}