{
  "stats": {
    "suites": 1,
    "tests": 2,
    "passes": 2,
    "pending": 0,
    "failures": 0,
    "start": "2021-01-03T08:46:58.231Z",
    "end": "2021-01-03T08:47:12.009Z",
    "duration": 13778,
    "testsRegistered": 2,
    "passPercent": 100,
    "pendingPercent": 0,
    "other": 0,
    "hasOther": false,
    "skipped": 0,
    "hasSkipped": false
  },
  "results": [
    {
      "uuid": "ea65e042-9c6d-450d-9872-fc4d478732db",
      "title": "",
      "fullFile": "cypress\\integration\\examples\\conduitLogin.js",
      "file": "cypress\\integration\\examples\\conduitLogin.js",
      "beforeHooks": [],
      "afterHooks": [],
      "tests": [],
      "suites": [
        {
          "uuid": "c38539e0-5160-40ba-b33e-d38079381859",
          "title": "Testing conduit application",
          "fullFile": "",
          "file": "",
          "beforeHooks": [],
          "afterHooks": [],
          "tests": [
            {
              "title": "Login into conduit",
              "fullTitle": "Testing conduit application Login into conduit",
              "timedOut": null,
              "duration": 8693,
              "state": "passed",
              "speed": "slow",
              "pass": true,
              "fail": false,
              "pending": false,
              "context": null,
              "code": "//click on login link\ncy.contains(\"Sign in\").click();\ncy.get(\"input[placeholder='Email']\").type(\"yprasad@woolworths.com.au\");\ncy.get(\"input[placeholder='Password']\").type(\"String12\");\ncy.get(\"button[type='Submit']\").click();\ncy.get(\"a[href='#@Yankush']\").should(function ($loginName) {\n  var loginHeaderName = $loginName.text();\n  expect(loginHeaderName).to.include('Yankush');\n});",
              "err": {},
              "uuid": "70342550-43bf-48f8-ac65-02180cdbe723",
              "parentUUID": "c38539e0-5160-40ba-b33e-d38079381859",
              "isHook": false,
              "skipped": false
            },
            {
              "title": "Login into conduit using parameterization",
              "fullTitle": "Testing conduit application Login into conduit using parameterization",
              "timedOut": null,
              "duration": 2787,
              "state": "passed",
              "speed": "slow",
              "pass": true,
              "fail": false,
              "pending": false,
              "context": null,
              "code": "//click on login link\ncy.contains(\"Sign in\").click();\ncy.get(\"@user\").then(function (user) {\n  cy.get(\"input[placeholder='Email']\").type(user.userName);\n  cy.get(\"input[placeholder='Password']\").type(user.password);\n});\ncy.get(\"button[type='Submit']\").click();\ncy.get(\"a[href='#@Yankush']\").should(function ($loginName) {\n  var loginHeaderName = $loginName.text();\n  expect(loginHeaderName).to.include('Yankush');\n});",
              "err": {},
              "uuid": "901b5055-be9d-44e0-bf0c-65c561c38c43",
              "parentUUID": "c38539e0-5160-40ba-b33e-d38079381859",
              "isHook": false,
              "skipped": false
            }
          ],
          "suites": [],
          "passes": [
            "70342550-43bf-48f8-ac65-02180cdbe723",
            "901b5055-be9d-44e0-bf0c-65c561c38c43"
          ],
          "failures": [],
          "pending": [],
          "skipped": [],
          "duration": 11480,
          "root": false,
          "rootEmpty": false,
          "_timeout": 2000
        }
      ],
      "passes": [],
      "failures": [],
      "pending": [],
      "skipped": [],
      "duration": 0,
      "root": true,
      "rootEmpty": true,
      "_timeout": 2000
    }
  ],
  "meta": {
    "mocha": {
      "version": "7.0.1"
    },
    "mochawesome": {
      "options": {
        "quiet": true,
        "reportFilename": "mochawesome",
        "saveHtml": false,
        "saveJson": true,
        "consoleReporter": "spec",
        "useInlineDiffs": false,
        "code": true
      },
      "version": "6.2.1"
    },
    "marge": {
      "options": {
        "id": "default",
        "reporterDir": "cypress/reports/mocha",
        "quiet": true,
        "overwrite": false,
        "html": false,
        "json": true
      },
      "version": "5.1.0"
    }
  }
}