{
  "stats": {
    "suites": 1,
    "tests": 2,
    "passes": 2,
    "pending": 0,
    "failures": 0,
    "start": "2021-01-03T08:44:33.557Z",
    "end": "2021-01-03T08:45:06.349Z",
    "duration": 32792,
    "testsRegistered": 2,
    "passPercent": 100,
    "pendingPercent": 0,
    "other": 0,
    "hasOther": false,
    "skipped": 0,
    "hasSkipped": false
  },
  "results": [
    {
      "uuid": "10cdce0b-d113-4ef5-a4cc-6bc3fb74e2b5",
      "title": "",
      "fullFile": "cypress\\integration\\cucumber\\conduitLogin.feature",
      "file": "cypress\\integration\\cucumber\\conduitLogin.feature",
      "beforeHooks": [],
      "afterHooks": [],
      "tests": [],
      "suites": [
        {
          "uuid": "65538d79-daab-4960-9642-f56ff6ec294a",
          "title": "Login",
          "fullFile": "",
          "file": "",
          "beforeHooks": [],
          "afterHooks": [],
          "tests": [
            {
              "title": "Sign in conduit application",
              "fullTitle": "Login Sign in conduit application",
              "timedOut": null,
              "duration": 18203,
              "state": "passed",
              "speed": "slow",
              "pass": true,
              "fail": false,
              "pending": false,
              "context": null,
              "code": "const state = window.testState;\nreturn cy\n  .then(() => state.onStartScenario(scenario, indexedSteps))\n  .then(() =>\n    resolveAndRunBeforeHooks.call(this, scenario.tags, state.feature.name)\n  )\n  .then(() =>\n    indexedSteps.forEach((step) =>\n      stepTest.call(this, state, step, rowData)\n    )\n  )\n  .then(() =>\n    resolveAndRunAfterHooks.call(this, scenario.tags, state.feature.name)\n  )\n  .then(() => state.onFinishScenario(scenario));",
              "err": {},
              "uuid": "6dd4d189-f434-456d-b906-aeff5bf376d2",
              "parentUUID": "65538d79-daab-4960-9642-f56ff6ec294a",
              "isHook": false,
              "skipped": false
            },
            {
              "title": "Test login feature via page object",
              "fullTitle": "Login Test login feature via page object",
              "timedOut": null,
              "duration": 2432,
              "state": "passed",
              "speed": "slow",
              "pass": true,
              "fail": false,
              "pending": false,
              "context": null,
              "code": "const state = window.testState;\nreturn cy\n  .then(() => state.onStartScenario(scenario, indexedSteps))\n  .then(() =>\n    resolveAndRunBeforeHooks.call(this, scenario.tags, state.feature.name)\n  )\n  .then(() =>\n    indexedSteps.forEach((step) =>\n      stepTest.call(this, state, step, rowData)\n    )\n  )\n  .then(() =>\n    resolveAndRunAfterHooks.call(this, scenario.tags, state.feature.name)\n  )\n  .then(() => state.onFinishScenario(scenario));",
              "err": {},
              "uuid": "4600adb6-bbfc-4c14-9978-17ad3c081995",
              "parentUUID": "65538d79-daab-4960-9642-f56ff6ec294a",
              "isHook": false,
              "skipped": false
            }
          ],
          "suites": [],
          "passes": [
            "6dd4d189-f434-456d-b906-aeff5bf376d2",
            "4600adb6-bbfc-4c14-9978-17ad3c081995"
          ],
          "failures": [],
          "pending": [],
          "skipped": [],
          "duration": 20635,
          "root": false,
          "rootEmpty": false,
          "_timeout": 2000
        }
      ],
      "passes": [],
      "failures": [],
      "pending": [],
      "skipped": [],
      "duration": 0,
      "root": true,
      "rootEmpty": true,
      "_timeout": 2000
    }
  ],
  "meta": {
    "mocha": {
      "version": "7.0.1"
    },
    "mochawesome": {
      "options": {
        "quiet": true,
        "reportFilename": "mochawesome",
        "saveHtml": false,
        "saveJson": true,
        "consoleReporter": "spec",
        "useInlineDiffs": false,
        "code": true
      },
      "version": "6.2.1"
    },
    "marge": {
      "options": {
        "id": "default",
        "reporterDir": "cypress/reports/mocha",
        "quiet": true,
        "overwrite": false,
        "html": false,
        "json": true
      },
      "version": "5.1.0"
    }
  }
}