{
  "stats": {
    "suites": 1,
    "tests": 2,
    "passes": 2,
    "pending": 0,
    "failures": 0,
    "start": "2021-01-03T07:37:06.855Z",
    "end": "2021-01-03T07:37:23.485Z",
    "duration": 16630,
    "testsRegistered": 2,
    "passPercent": 100,
    "pendingPercent": 0,
    "other": 0,
    "hasOther": false,
    "skipped": 0,
    "hasSkipped": false
  },
  "results": [
    {
      "uuid": "3dd85ff8-f8c8-4a0a-a1fe-7f492f007024",
      "title": "",
      "fullFile": "cypress\\integration\\examples\\conduitLogin.js",
      "file": "cypress\\integration\\examples\\conduitLogin.js",
      "beforeHooks": [],
      "afterHooks": [],
      "tests": [],
      "suites": [
        {
          "uuid": "dc358eb4-9edf-49d5-9209-d0f66095913b",
          "title": "Testing conduit application",
          "fullFile": "",
          "file": "",
          "beforeHooks": [],
          "afterHooks": [],
          "tests": [
            {
              "title": "Login into conduit",
              "fullTitle": "Testing conduit application Login into conduit",
              "timedOut": null,
              "duration": 6791,
              "state": "passed",
              "speed": "slow",
              "pass": true,
              "fail": false,
              "pending": false,
              "context": null,
              "code": "//click on login link\ncy.contains(\"Sign in\").click();\ncy.get(\"input[placeholder='Email']\").type(\"yprasad@woolworths.com.au\");\ncy.get(\"input[placeholder='Password']\").type(\"String12\");\ncy.get(\"button[type='Submit']\").click();\ncy.get(\"a[href='#@Yankush']\").should(function ($loginName) {\n  var loginHeaderName = $loginName.text();\n  expect(loginHeaderName).to.include('Yankush');\n});",
              "err": {},
              "uuid": "9fe6fbc1-5b14-4ca1-b1db-c4d468176c3c",
              "parentUUID": "dc358eb4-9edf-49d5-9209-d0f66095913b",
              "isHook": false,
              "skipped": false
            },
            {
              "title": "Login into conduit using parameterization",
              "fullTitle": "Testing conduit application Login into conduit using parameterization",
              "timedOut": null,
              "duration": 2815,
              "state": "passed",
              "speed": "slow",
              "pass": true,
              "fail": false,
              "pending": false,
              "context": null,
              "code": "//click on login link\ncy.contains(\"Sign in\").click();\ncy.get(\"@user\").then(function (user) {\n  cy.get(\"input[placeholder='Email']\").type(user.userName);\n  cy.get(\"input[placeholder='Password']\").type(user.password);\n});\ncy.get(\"button[type='Submit']\").click();\ncy.get(\"a[href='#@Yankush']\").should(function ($loginName) {\n  var loginHeaderName = $loginName.text();\n  expect(loginHeaderName).to.include('Yankush');\n});",
              "err": {},
              "uuid": "7b1ffb7e-3616-4d7a-90dc-78f0154fb0eb",
              "parentUUID": "dc358eb4-9edf-49d5-9209-d0f66095913b",
              "isHook": false,
              "skipped": false
            }
          ],
          "suites": [],
          "passes": [
            "9fe6fbc1-5b14-4ca1-b1db-c4d468176c3c",
            "7b1ffb7e-3616-4d7a-90dc-78f0154fb0eb"
          ],
          "failures": [],
          "pending": [],
          "skipped": [],
          "duration": 9606,
          "root": false,
          "rootEmpty": false,
          "_timeout": 2000
        }
      ],
      "passes": [],
      "failures": [],
      "pending": [],
      "skipped": [],
      "duration": 0,
      "root": true,
      "rootEmpty": true,
      "_timeout": 2000
    }
  ],
  "meta": {
    "mocha": {
      "version": "7.0.1"
    },
    "mochawesome": {
      "options": {
        "quiet": true,
        "reportFilename": "mochawesome",
        "saveHtml": false,
        "saveJson": true,
        "consoleReporter": "spec",
        "useInlineDiffs": false,
        "code": true
      },
      "version": "6.2.1"
    },
    "marge": {
      "options": {
        "id": "default",
        "reporterDir": "cypress/reports/mocha",
        "quiet": true,
        "overwrite": false,
        "html": false,
        "json": true
      },
      "version": "5.1.0"
    }
  }
}